-----------------------------------------------------------------------------------------------------------------------------------------------------
Name                              MW       Cp@298K        H@298K        G@298K        S@298K      Cp@1000K       H@1000K       G@1000K       S@1000K 
                           [kg/kmol]   [cal/mol/K]    [kcal/mol]    [kcal/mol]   [cal/mol/K]   [cal/mol/K]    [kcal/mol]    [kcal/mol]   [cal/mol/K] 
-----------------------------------------------------------------------------------------------------------------------------------------------------
NC7H16                      100.2050       39.2733      -45.1107      -75.5520      102.1522       90.8730        3.8016     -176.4023      180.2039
O2                           31.9980        7.0060       -0.0037      -14.6040       48.9942        8.3310        5.4236      -52.7634       58.1870
H2O                          18.0150        8.0416      -57.7897      -71.2309       45.1048        9.8625      -51.5761     -107.1787       55.6027
CO2                          44.0090        8.8877      -94.0577     -109.2766       51.0704       12.9886      -86.0696     -150.4143       64.3447
CO                           28.0100        6.9700      -26.4171      -40.4855       47.2094        7.9254      -21.2322      -77.2618       56.0296
N2                           28.0140        6.9725        0.0009      -13.6378       45.7672        7.8107        5.1317      -49.3780       54.5096
-----------------------------------------------------------------------------------------------------------------------------------------------------

 ====================================================================================================
   THERMO TABLE FOR MOLECULE NC7H16
 ====================================================================================================
   Elemental Composition:
     C 7.0000
     H 16.0000
   Formation Enthalpy at 298K =          -45.1107 kcal/mol
   Formation Free Gibbs Energy at 298K = -75.5520 kcal/mol
   Molecular Weight =                    100.2050 kg/kmol
 -----------------------------------------------------------------------------------------------------
   Temperature       Cp             H             G            S             DH            DG         
       [K]       [cal/mol/K]    [kcal/mol]    [kcal/mol]  [cal/(mol-K)]  [kcal/mol]     [kcal/mol]    
 -----------------------------------------------------------------------------------------------------
     300.0000      39.5134       -45.0319      -75.7566      102.4157      0.0788        -0.2046       
     600.0000      68.3910       -28.5151      -112.1683     139.4219      16.5956       -36.6162      
     800.0000      81.3695       -13.4711      -142.2486     160.9719      31.6396       -66.6966      
     1000.0000     90.8730       3.8016        -176.4023     180.2039      48.9122       -100.8503     
     1200.0000     97.9616       22.7177       -214.1963     197.4283      67.8283       -138.6443     
     1400.0000     103.4614      42.8808       -255.2607     212.9582      87.9915       -179.7087     
     1600.0000     107.9649      64.0363       -299.2856     227.0762      109.1470      -223.7336     
     1800.0000     111.8308      86.0248       -346.0131     240.0210      131.1354      -270.4611     
     2000.0000     115.1940      108.7354      -395.2285     251.9819      153.8461      -319.6765     
     2200.0000     118.0788      132.0705      -446.7498     263.1001      177.1811      -371.1978     
     2400.0000     120.5112      155.9367      -500.4195     273.4818      201.0474      -424.8675     
     2600.0000     122.5295      180.2473      -556.0990     283.2101      225.3580      -480.5469     
 -----------------------------------------------------------------------------------------------------


 ====================================================================================================
   THERMO TABLE FOR MOLECULE O2
 ====================================================================================================
   Elemental Composition:
     O 2.0000
   Formation Enthalpy at 298K =          -0.0037 kcal/mol
   Formation Free Gibbs Energy at 298K = -14.6040 kcal/mol
   Molecular Weight =                    31.9980 kg/kmol
 -----------------------------------------------------------------------------------------------------
   Temperature       Cp             H             G            S             DH            DG         
       [K]       [cal/mol/K]    [kcal/mol]    [kcal/mol]  [cal/(mol-K)]  [kcal/mol]     [kcal/mol]    
 -----------------------------------------------------------------------------------------------------
     300.0000      7.0098        0.0103        -14.7020      49.0411       0.0140        -0.0980       
     600.0000      7.6695        2.2105        -30.2483      54.0981       2.2142        -15.6443      
     800.0000      8.0492        3.7842        -41.3030      56.3590       3.7879        -26.6991      
     1000.0000     8.3310        5.4236        -52.7634      58.1870       5.4273        -38.1594      
     1200.0000     8.5383        7.1116        -64.5586      59.7252       7.1153        -49.9547      
     1400.0000     8.6937        8.8355        -76.6395      61.0536       8.8392        -62.0355      
     1600.0000     8.8161        10.5869       -88.9695      62.2227       10.5906       -74.3655      
     1800.0000     8.9205        12.3607       -101.5203     63.2673       12.3644       -86.9163      
     2000.0000     9.0182        14.1546       -114.2697     64.2122       14.1583       -99.6658      
     2200.0000     9.1168        15.9681       -127.1998     65.0763       15.9718       -112.5958     
     2400.0000     9.2202        17.8017       -140.2958     65.8740       17.8054       -125.6919     
     2600.0000     9.3287        19.6565       -153.5457     66.6162       19.6602       -138.9417     
 -----------------------------------------------------------------------------------------------------


 ====================================================================================================
   THERMO TABLE FOR MOLECULE H2O
 ====================================================================================================
   Elemental Composition:
     H 2.0000
     O 1.0000
   Formation Enthalpy at 298K =          -57.7897 kcal/mol
   Formation Free Gibbs Energy at 298K = -71.2309 kcal/mol
   Molecular Weight =                    18.0150 kg/kmol
 -----------------------------------------------------------------------------------------------------
   Temperature       Cp             H             G            S             DH            DG         
       [K]       [cal/mol/K]    [kcal/mol]    [kcal/mol]  [cal/(mol-K)]  [kcal/mol]     [kcal/mol]    
 -----------------------------------------------------------------------------------------------------
     300.0000      8.0442        -57.7736      -71.3212      45.1586       0.0161        -0.0903       
     600.0000      8.6683        -55.2770      -85.8184      50.9023       2.5127        -14.5875      
     800.0000      9.2461        -53.4868      -96.2655      53.4734       4.3029        -25.0346      
     1000.0000     9.8625        -51.5761      -107.1787     55.6027       6.2137        -35.9478      
     1200.0000     10.4614       -49.5430      -118.4882     57.4543       8.2467        -47.2573      
     1400.0000     11.0063       -47.3951      -130.1474     59.1087       10.3946       -58.9165      
     1600.0000     11.4799       -45.1453      -142.1216     60.6102       12.6444       -70.8906      
     1800.0000     11.8837       -42.8078      -154.3831     61.9863       14.9819       -83.1522      
     2000.0000     12.2273       -40.3958      -166.9090     63.2566       17.3939       -95.6781      
     2200.0000     12.5201       -37.9203      -179.6797     64.4361       19.8694       -108.4488     
     2400.0000     12.7703       -35.3906      -192.6782     65.5365       22.3991       -121.4473     
     2600.0000     12.9848       -32.8146      -205.8897     66.5673       24.9751       -134.6587     
 -----------------------------------------------------------------------------------------------------


 ====================================================================================================
   THERMO TABLE FOR MOLECULE CO2
 ====================================================================================================
   Elemental Composition:
     C 1.0000
     O 2.0000
   Formation Enthalpy at 298K =          -94.0577 kcal/mol
   Formation Free Gibbs Energy at 298K = -109.2766 kcal/mol
   Molecular Weight =                    44.0090 kg/kmol
 -----------------------------------------------------------------------------------------------------
   Temperature       Cp             H             G            S             DH            DG         
       [K]       [cal/mol/K]    [kcal/mol]    [kcal/mol]  [cal/(mol-K)]  [kcal/mol]     [kcal/mol]    
 -----------------------------------------------------------------------------------------------------
     300.0000      8.9085        -94.0399      -109.3788     51.1300       0.0178        -0.1022       
     600.0000      11.3163       -90.9734      -125.8445     58.1186       3.0843        -16.5679      
     800.0000      12.3125       -88.6041      -137.8199     61.5198       5.4536        -28.5432      
     1000.0000     12.9886       -86.0696      -150.4143     64.3447       7.9880        -41.1377      
     1200.0000     13.4551       -83.4226      -163.5303     66.7565       10.6351       -54.2537      
     1400.0000     13.7935       -80.6961      -177.0962     68.8572       13.3616       -67.8196      
     1600.0000     14.0566       -77.9101      -191.0572     70.7169       16.1476       -81.7806      
     1800.0000     14.2685       -75.0768      -205.3703     72.3853       18.9808       -96.0936      
     2000.0000     14.4374       -72.2056      -220.0009     73.8977       21.8521       -110.7243     
     2200.0000     14.5696       -69.3043      -234.9207     75.2802       24.7534       -125.6441     
     2400.0000     14.6714       -66.3797      -250.1057     76.5525       27.6779       -140.8290     
     2600.0000     14.7496       -63.4373      -265.5354     77.7300       30.6204       -156.2587     
 -----------------------------------------------------------------------------------------------------


 ====================================================================================================
   THERMO TABLE FOR MOLECULE CO
 ====================================================================================================
   Elemental Composition:
     C 1.0000
     O 1.0000
   Formation Enthalpy at 298K =          -26.4171 kcal/mol
   Formation Free Gibbs Energy at 298K = -40.4855 kcal/mol
   Molecular Weight =                    28.0100 kg/kmol
 -----------------------------------------------------------------------------------------------------
   Temperature       Cp             H             G            S             DH            DG         
       [K]       [cal/mol/K]    [kcal/mol]    [kcal/mol]  [cal/(mol-K)]  [kcal/mol]     [kcal/mol]    
 -----------------------------------------------------------------------------------------------------
     300.0000      6.9700        -26.4032      -40.5800      47.2560       0.0139        -0.0945       
     600.0000      7.2797        -24.2778      -55.5704      52.1544       2.1394        -15.0849      
     800.0000      7.6204        -22.7878      -66.2240      54.2952       3.6293        -25.7385      
     1000.0000     7.9254        -21.2322      -77.2618      56.0296       5.1850        -36.7762      
     1200.0000     8.1634        -19.6222      -88.6181      57.4966       6.7949        -48.1326      
     1400.0000     8.3451        -17.9705      -100.2475     58.7692       8.4466        -59.7620      
     1600.0000     8.4828        -16.2871      -112.1159     59.8930       10.1300       -71.6304      
     1800.0000     8.5872        -14.5796      -124.1968     60.8984       11.8375       -83.7113      
     2000.0000     8.6672        -12.8539      -136.4689     61.8075       13.5633       -95.9834      
     2200.0000     8.7302        -11.1139      -148.9145     62.6366       15.3032       -108.4290     
     2400.0000     8.7817        -9.3625       -161.5191     63.3985       17.0546       -121.0335     
     2600.0000     8.8257        -7.6017       -174.2701     64.1032       18.8154       -133.7846     
 -----------------------------------------------------------------------------------------------------


 ====================================================================================================
   THERMO TABLE FOR MOLECULE N2
 ====================================================================================================
   Elemental Composition:
     N 2.0000
   Formation Enthalpy at 298K =          0.0009 kcal/mol
   Formation Free Gibbs Energy at 298K = -13.6378 kcal/mol
   Molecular Weight =                    28.0140 kg/kmol
 -----------------------------------------------------------------------------------------------------
   Temperature       Cp             H             G            S             DH            DG         
       [K]       [cal/mol/K]    [kcal/mol]    [kcal/mol]  [cal/(mol-K)]  [kcal/mol]     [kcal/mol]    
 -----------------------------------------------------------------------------------------------------
     300.0000      6.9719        0.0148        -13.7293      45.8138       0.0139        -0.0916       
     600.0000      7.2004        2.1279        -28.2843      50.6870       2.1270        -14.6466      
     800.0000      7.5121        3.5986        -38.6417      52.8004       3.5978        -25.0039      
     1000.0000     7.8107        5.1317        -49.3780      54.5096       5.1308        -35.7402      
     1200.0000     8.0537        6.7191        -60.4282      55.9560       6.7182        -46.7904      
     1400.0000     8.2449        8.3497        -71.7478      57.2125       8.3488        -58.1100      
     1600.0000     8.3943        10.0142       -83.3035      58.3236       10.0134       -69.6657      
     1800.0000     8.5105        11.7052       -95.0695      59.3193       11.7044       -81.4318      
     2000.0000     8.6011        13.4168       -107.0250     60.2209       13.4159       -93.3872      
     2200.0000     8.6725        15.1444       -119.1527     61.0441       15.1435       -105.5149     
     2400.0000     8.7297        16.8848       -131.4382     61.8013       16.8839       -117.8004     
     2600.0000     8.7769        18.6356       -143.8694     62.5019       18.6348       -130.2316     
 -----------------------------------------------------------------------------------------------------


