 ----------------------------------------------------------------------------------------------------------------------------------------------------------------------------------------------------------------------------------------------------------
                     SPECIFIC HEAT COEFFICIENTS                                                                     

             Cp = A + B*T + C*T^2 + D*T^3 + E*T^4  [J/kg/K]                                                         

    Species                      Cp(298K)         Cp(1000K)          LT-HT            A(LT)            B(LT)            C(LT)            D(LT)            E(LT)             A(HT)           B(HT)            C(HT)            D(HT)           E(HT)      
 ----------------------------------------------------------------------------------------------------------------------------------------------------------------------------------------------------------------------------------------------------------

    1. NC7H16                   1.640002e+03     3.794739e+03     1.800000e+03    -2.297671e+02     7.678719e+00    -5.237518e-03     1.837571e-06    -2.542651e-10     2.577986e+03     1.439267e+00    -3.797444e-05    -8.818612e-08     1.320115e-11
    2. O2                       9.161880e+02     1.089452e+03     7.600000e+02     8.991486e+02    -2.299641e-01     1.338923e-03    -1.405004e-06     4.880103e-10     7.321099e+02     6.491870e-01    -3.962440e-04     1.170717e-07    -1.267262e-11
    3. H2O                      1.867869e+03     2.290815e+03     1.590000e+03     1.862416e+03    -3.173295e-01     1.322880e-03    -6.948443e-07     1.176933e-10     1.065859e+03     1.686587e+00    -5.676074e-04     9.781282e-08    -6.938341e-12
    4. CO2                      8.450501e+02     1.234970e+03     1.620000e+03     4.626672e+02     1.614558e+00    -1.247991e-03     4.775475e-07    -7.181080e-11     9.594268e+02     3.879907e-01    -1.122811e-04     1.017700e-08     3.142731e-13
    5. CO                       1.041247e+03     1.183976e+03     1.000000e+03     1.133602e+03    -7.144838e-01     1.707498e-03    -1.272341e-06     3.297004e-10     7.972949e+02     6.307426e-01    -3.103411e-04     7.288553e-08    -6.606183e-12
    6. N2                       1.041476e+03     1.166673e+03     1.050000e+03     1.143621e+03    -7.243422e-01     1.588338e-03    -1.114793e-06     2.738496e-10     8.051735e+02     5.649814e-01    -2.535527e-04     5.466132e-08    -4.591919e-12

 ----------------------------------------------------------------------------------------------------------------------------------------------------------------------------------------------------------------------------------------------------------


 -------------------------------------------------------------------------------------------------------------------------------------------------------------------------------------------------------------------------------------------------------------------------------------------
                           ENTHALPY COEFFICIENTS                                                                     

             H/(RT) = A + B*T + C*T^2 + D*T^3 + E*T^4 + F/T  [-]                                                         

    Species                   H(298K)[J/kmol]  H(1000K)[J/kmol]      LT-HT            A(LT)            B(LT)            C(LT)            D(LT)            E(LT)           F(LT)             A(HT)            B(HT)            C(HT)           D(HT)             E(HT)            F(HT)      
 -------------------------------------------------------------------------------------------------------------------------------------------------------------------------------------------------------------------------------------------------------------------------------------------

    1. NC7H16                  -1.887624e+08     1.590733e+07     1.800000e+03    -2.769128e+00     4.627154e-02    -2.104067e-05     5.536551e-09    -6.128750e-13    -2.547221e+04     3.106961e+01     8.672943e-03    -1.525546e-07    -2.657024e-10     3.181977e-14    -3.765416e+04
    2. O2                      -1.547415e+04     2.269478e+07     7.600000e+02     3.460351e+00    -4.425056e-04     1.717604e-06    -1.351781e-09     3.756191e-13    -1.029426e+03     2.817506e+00     1.249190e-03    -5.083117e-07     1.126369e-10    -9.754056e-15    -9.317134e+02
    3. H2O                     -2.418170e+08    -2.158164e+08     1.590000e+03     4.035309e+00    -3.437799e-04     9.554307e-07    -3.763809e-10     5.100136e-14    -3.027833e+04     2.309405e+00     1.827169e-03    -4.099462e-07     5.298292e-11    -3.006670e-15    -2.972949e+04
    4. CO2                     -3.935777e+08    -3.601524e+08     1.620000e+03     2.448928e+00     4.272981e-03    -2.201900e-06     6.319226e-10    -7.601987e-14    -4.839229e+04     5.078310e+00     1.026830e-03    -1.981038e-07     1.346688e-11     3.326937e-16    -4.924421e+04
    5. CO                      -1.105406e+08    -8.884453e+07     1.000000e+03     3.818909e+00    -1.203487e-03     1.917423e-06    -1.071575e-09     2.221408e-13    -1.436895e+04     2.685950e+00     1.062432e-03    -3.484954e-07     6.138472e-11    -4.451020e-15    -1.414236e+04
    6. N2                       3.604168e+03     2.147322e+07     1.050000e+03     3.853213e+00    -1.220267e-03     1.783868e-06    -9.390210e-10     1.845369e-13    -1.079696e+03     2.712879e+00     9.517988e-04    -2.847659e-07     4.604273e-11    -3.094320e-15    -8.402253e+02

 -------------------------------------------------------------------------------------------------------------------------------------------------------------------------------------------------------------------------------------------------------------------------------------------


 -------------------------------------------------------------------------------------------------------------------------------------------------------------------------------------------------------------------------------------------------------------------------------------------
                             ENTROPY COEFFICIENTS                                                                     

             S/R = A*lnT + B*T + C*T^2 + D*T^3 + E*T^4 + F  [-]                                                         

    Species                 S(298K)[J/kmol/K] S(1000K)[J/kmol/K]     LT-HT            A(LT)            B(LT)            C(LT)            D(LT)            E(LT)           F(LT)             A(HT)            B(HT)            C(HT)           D(HT)             E(HT)            F(HT)      
 -------------------------------------------------------------------------------------------------------------------------------------------------------------------------------------------------------------------------------------------------------------------------------------------

    1. NC7H16                   4.274486e+05     7.540504e+05     1.800000e+03    -2.769128e+00     9.254309e-02    -3.156100e-05     7.382068e-09    -7.660938e-13     4.222182e+01     3.106961e+01     1.734589e-02    -2.288319e-07    -3.542699e-10     3.977471e-14    -1.409205e+02
    2. O2                       2.050128e+05     2.434794e+05     7.600000e+02     3.460351e+00    -8.850111e-04     2.576405e-06    -1.802375e-09     4.695239e-13     5.022361e+00     2.817506e+00     2.498380e-03    -7.624676e-07     1.501825e-10    -1.219257e-14     7.947293e+00
    3. H2O                      1.887377e+05     2.326655e+05     1.590000e+03     4.035309e+00    -6.875598e-04     1.433146e-06    -5.018412e-10     6.375170e-14    -1.992016e-01     2.309405e+00     3.654339e-03    -6.149194e-07     7.064389e-11    -3.758337e-15     8.927652e+00
    4. CO2                      2.137007e+05     2.692457e+05     1.620000e+03     2.448928e+00     8.545961e-03    -3.302851e-06     8.425635e-10    -9.502483e-14     9.475577e+00     5.078310e+00     2.053660e-03    -2.971556e-07     1.795584e-11     4.158671e-16    -4.478153e+00
    5. CO                       1.975443e+05     2.344519e+05     1.000000e+03     3.818909e+00    -2.406973e-03     2.876135e-06    -1.428766e-09     2.776760e-13     2.499921e+00     2.685950e+00     2.124864e-03    -5.227430e-07     8.184629e-11    -5.563775e-15     7.965794e+00
    6. N2                       1.915097e+05     2.280918e+05     1.050000e+03     3.853213e+00    -2.440533e-03     2.675802e-06    -1.252028e-09     2.306711e-13     1.602174e+00     2.712879e+00     1.903598e-03    -4.271488e-07     6.139031e-11    -3.867900e-15     7.159266e+00

 -------------------------------------------------------------------------------------------------------------------------------------------------------------------------------------------------------------------------------------------------------------------------------------------


